<?xml version="1.0" encoding="UTF-8"?>
<!-- Generated by org.testng.reporters.JUnitReportReporter -->
<testsuite hostname="ROS-262" failures="0" tests="1" name="crmtest.LoginPageTest" time="13.376" errors="0" timestamp="2022-11-29T20:14:29 IST" skipped="0">
  <testcase classname="crmtest.LoginPageTest" name="validateLoginPageTitleTest" time="13.376"/>
  <system-out/>
</testsuite> <!-- crmtest.LoginPageTest -->
