<?xml version="1.0" encoding="UTF-8"?>
<!-- Generated by org.testng.reporters.JUnitReportReporter -->
<testsuite hostname="ROS-262" failures="0" tests="2" name="crmtest.ContactPageTest" time="29.464" errors="0" timestamp="2022-11-16T20:47:29 IST" skipped="1">
  <testcase classname="crmtest.ContactPageTest" name="validateCreateContactTest" time="29.461">
    <skipped/>
  </testcase> <!-- validateCreateContactTest -->
  <system-out/>
  <testcase classname="crmtest.ContactPageTest" name="validateDemoTest" time="0.003"/>
  <system-out/>
</testsuite> <!-- crmtest.ContactPageTest -->
