<?xml version="1.0" encoding="UTF-8"?>
<!-- Generated by org.testng.reporters.JUnitReportReporter -->
<testsuite hostname="idea-PClenovo" failures="0" tests="1" name="crmtest.DealPageTest" time="0.016" errors="0" timestamp="2022-11-15T08:52:13 IST" skipped="0">
  <testcase classname="crmtest.DealPageTest" name="validateDealTest" time="0.016"/>
  <system-out/>
</testsuite> <!-- crmtest.DealPageTest -->
