<?xml version="1.0" encoding="UTF-8"?>
<!-- Generated by org.testng.reporters.JUnitReportReporter -->
<testsuite hostname="ROS-262" failures="0" tests="5" name="crmtest.HomePageTest" time="247.807" errors="0" timestamp="2022-11-16T20:47:29 IST" skipped="0">
  <testcase classname="crmtest.HomePageTest" name="validateCreateContactLinkRedirection" time="69.301"/>
  <system-out/>
  <testcase classname="crmtest.HomePageTest" name="validateCreateCallLinkRedirection" time="39.677"/>
  <system-out/>
  <testcase classname="crmtest.HomePageTest" name="validateLogoutTest" time="53.925"/>
  <system-out/>
  <testcase classname="crmtest.HomePageTest" name="validateCreateTaskLinkRedirection" time="38.209"/>
  <system-out/>
  <testcase classname="crmtest.HomePageTest" name="validateCreateCompanyLinkRedirection" time="46.695"/>
  <system-out/>
</testsuite> <!-- crmtest.HomePageTest -->
