<?xml version="1.0" encoding="UTF-8"?>
<!-- Generated by org.testng.reporters.JUnitReportReporter -->
<testsuite skipped="0" hostname="DESKTOP-QA7T95C" name="crmtest.CompanPageTest" tests="1" failures="0" timestamp="2022-11-09T21:54:10 IST" time="18.325" errors="0">
  <testcase name="validateCompanyTest" time="18.325" classname="crmtest.CompanPageTest"/>
  <system-out/>
</testsuite> <!-- crmtest.CompanPageTest -->
