<?xml version="1.0" encoding="UTF-8"?>
<!-- Generated by org.testng.reporters.JUnitReportReporter -->
<testsuite hostname="ROS-262" failures="0" tests="1" name="crmtest.TaskPageTest" time="34.255" errors="0" timestamp="2022-11-16T20:47:29 IST" skipped="0">
  <testcase classname="crmtest.TaskPageTest" name="validateTaskPageTest" time="34.255"/>
  <system-out/>
</testsuite> <!-- crmtest.TaskPageTest -->
