<?xml version="1.0" encoding="UTF-8"?>
<!-- Generated by org.testng.reporters.JUnitReportReporter -->
<testsuite hostname="ROS-262" failures="0" tests="1" name="crmtest.TaskPageTest" time="26.045" errors="0" timestamp="2022-11-15T01:07:21 IST" skipped="0">
  <testcase classname="crmtest.TaskPageTest" name="validateTaskPageTest" time="26.045"/>
  <system-out/>
</testsuite> <!-- crmtest.TaskPageTest -->
