<?xml version="1.0" encoding="UTF-8"?>
<!-- Generated by org.testng.reporters.JUnitReportReporter -->
<testsuite hostname="ROS-262" failures="0" tests="6" name="crmtest.HomePageTest" time="177.635" errors="0" timestamp="2022-11-19T22:01:08 IST" skipped="0">
  <testcase classname="crmtest.HomePageTest" name="validateLogoutTest" time="25.999"/>
  <system-out/>
  <testcase classname="crmtest.HomePageTest" name="validateCreateCallLinkRedirection" time="22.605"/>
  <system-out/>
  <testcase classname="crmtest.HomePageTest" name="validateCreateContactLinkRedirection" time="24.200"/>
  <system-out/>
  <testcase classname="crmtest.HomePageTest" name="validateCreateDealLinkRedirection" time="39.752"/>
  <system-out/>
  <testcase classname="crmtest.HomePageTest" name="validateCreateTaskLinkRedirection" time="28.998"/>
  <system-out/>
  <testcase classname="crmtest.HomePageTest" name="validateCreateCompanyLinkRedirection" time="36.081"/>
  <system-out/>
</testsuite> <!-- crmtest.HomePageTest -->
