<?xml version="1.0" encoding="UTF-8"?>
<!-- Generated by org.testng.reporters.JUnitReportReporter -->
<testsuite skipped="0" hostname="DESKTOP-QA7T95C" name="crmtest.LoginPageTest" tests="3" failures="0" timestamp="2022-11-09T21:54:10 IST" time="118.695" errors="0">
  <testcase name="validateLoginTest" time="45.939" classname="crmtest.LoginPageTest"/>
  <system-out/>
  <testcase name="validateLoginPageLogoTest" time="41.020" classname="crmtest.LoginPageTest"/>
  <system-out/>
  <testcase name="validateLoginPageTitleTest" time="31.736" classname="crmtest.LoginPageTest"/>
  <system-out/>
</testsuite> <!-- crmtest.LoginPageTest -->
