<?xml version="1.0" encoding="UTF-8"?>
<!-- Generated by org.testng.reporters.JUnitReportReporter -->
<testsuite hostname="ROS-262" failures="0" tests="1" name="crmtest.ContactPageTest" time="23.723" errors="0" timestamp="2022-11-29T19:45:38 IST" skipped="0">
  <testcase classname="crmtest.ContactPageTest" name="validateCreateContactTest" time="23.723"/>
  <system-out/>
</testsuite> <!-- crmtest.ContactPageTest -->
