<?xml version="1.0" encoding="UTF-8"?>
<!-- Generated by org.testng.reporters.JUnitReportReporter -->
<testsuite skipped="0" hostname="DESKTOP-J2EROR9" name="crmtest.HomePageTest" tests="3" failures="0" timestamp="2022-11-16T01:12:31 IST" time="91.659" errors="0">
  <testcase name="validateCreateContactLinkRedirection" time="29.924" classname="crmtest.HomePageTest"/>
  <system-out/>
  <testcase name="validateLogoutTest" time="30.151" classname="crmtest.HomePageTest"/>
  <system-out/>
  <testcase name="validateCreateCompanyLinkRedirection" time="31.584" classname="crmtest.HomePageTest"/>
  <system-out/>
</testsuite> <!-- crmtest.HomePageTest -->
