<?xml version="1.0" encoding="UTF-8"?>
<!-- Generated by org.testng.reporters.JUnitReportReporter -->
<testsuite skipped="0" hostname="LAPTOP-5DPM1JU0" name="crmtest.DealPageTest" tests="1" failures="0" timestamp="2022-11-16T12:25:45 IST" time="0.002" errors="0">
  <testcase name="validateDealTest" time="0.002" classname="crmtest.DealPageTest"/>
  <system-out/>
</testsuite> <!-- crmtest.DealPageTest -->
