<?xml version="1.0" encoding="UTF-8"?>
<!-- Generated by org.testng.reporters.JUnitReportReporter -->
<testsuite hostname="ROS-262" failures="0" tests="2" name="crmtest.ContactPageTest" time="21.594" errors="0" timestamp="2022-11-15T01:07:21 IST" skipped="1">
  <testcase classname="crmtest.ContactPageTest" name="validateDemoTest" time="21.594"/>
  <system-out/>
  <testcase classname="crmtest.ContactPageTest" name="validateCreateContactTest" time="0.000">
    <skipped/>
  </testcase> <!-- validateCreateContactTest -->
  <system-out/>
</testsuite> <!-- crmtest.ContactPageTest -->
