<?xml version="1.0" encoding="UTF-8"?>
<!-- Generated by org.testng.reporters.JUnitReportReporter -->
<testsuite skipped="0" hostname="DESKTOP-QA7T95C" name="crmtest.DealPageTest" tests="1" failures="0" timestamp="2022-11-09T21:54:10 IST" time="0.007" errors="0">
  <testcase name="validateDealTest" time="0.007" classname="crmtest.DealPageTest"/>
  <system-out/>
</testsuite> <!-- crmtest.DealPageTest -->
