<?xml version="1.0" encoding="UTF-8"?>
<!-- Generated by org.testng.reporters.JUnitReportReporter -->
<testsuite hostname="ROS-262" failures="0" tests="4" name="crmtest.HomePageTest" time="153.172" errors="0" timestamp="2022-11-15T01:07:21 IST" skipped="0">
  <testcase classname="crmtest.HomePageTest" name="validateCreateCompanyLinkRedirection" time="28.178"/>
  <system-out/>
  <testcase classname="crmtest.HomePageTest" name="validateLogoutTest" time="36.489"/>
  <system-out/>
  <testcase classname="crmtest.HomePageTest" name="validateCreateTaskLinkRedirection" time="55.281"/>
  <system-out/>
  <testcase classname="crmtest.HomePageTest" name="validateCreateContactLinkRedirection" time="33.224"/>
  <system-out/>
</testsuite> <!-- crmtest.HomePageTest -->
