<?xml version="1.0" encoding="UTF-8"?>
<!-- Generated by org.testng.reporters.JUnitReportReporter -->
<testsuite skipped="0" hostname="DESKTOP-J2EROR9" name="crmtest.LoginPageTest" tests="3" failures="0" timestamp="2022-11-16T01:12:31 IST" time="60.036" errors="0">
  <testcase name="validateLoginTest" time="11.993" classname="crmtest.LoginPageTest"/>
  <system-out/>
  <testcase name="validateLoginPageLogoTest" time="23.876" classname="crmtest.LoginPageTest"/>
  <system-out/>
  <testcase name="validateLoginPageTitleTest" time="24.167" classname="crmtest.LoginPageTest"/>
  <system-out/>
</testsuite> <!-- crmtest.LoginPageTest -->
