<?xml version="1.0" encoding="UTF-8"?>
<!-- Generated by org.testng.reporters.JUnitReportReporter -->
<testsuite skipped="0" hostname="DESKTOP-J2EROR9" name="crmtest.CompanPageTest" tests="1" failures="0" timestamp="2022-11-16T01:12:31 IST" time="14.392" errors="0">
  <testcase name="validateCompanyTest" time="14.392" classname="crmtest.CompanPageTest"/>
  <system-out/>
</testsuite> <!-- crmtest.CompanPageTest -->
