<?xml version="1.0" encoding="UTF-8"?>
<!-- Generated by org.testng.reporters.JUnitReportReporter -->
<testsuite hostname="ROS-262" failures="0" tests="1" name="crmtest.CompanPageTest" time="19.171" errors="0" timestamp="2022-11-15T01:07:20 IST" skipped="0">
  <testcase classname="crmtest.CompanPageTest" name="validateCompanyTest" time="19.171"/>
  <system-out/>
</testsuite> <!-- crmtest.CompanPageTest -->
