<?xml version="1.0" encoding="UTF-8"?>
<!-- Generated by org.testng.reporters.JUnitReportReporter -->
<testsuite skipped="1" hostname="DESKTOP-QA7T95C" name="crmtest.CreateContactTest" tests="2" failures="0" timestamp="2022-11-07T21:57:34 IST" time="25.782" errors="0">
  <testcase name="validateCreateContactTest" time="25.782" classname="crmtest.CreateContactTest"/>
  <system-out/>
  <testcase name="validateDemoTest" classname="crmtest.CreateContactTest">
    <skipped/>
  </testcase> <!-- validateDemoTest -->
  <system-out/>
</testsuite> <!-- crmtest.CreateContactTest -->
