<?xml version="1.0" encoding="UTF-8"?>
<!-- Generated by org.testng.reporters.JUnitReportReporter -->
<testsuite hostname="ROS-262" failures="0" tests="1" name="crmtest.DealPageTest" time="0.002" errors="0" timestamp="2022-11-15T01:07:21 IST" skipped="0">
  <testcase classname="crmtest.DealPageTest" name="validateDealTest" time="0.002"/>
  <system-out/>
</testsuite> <!-- crmtest.DealPageTest -->
