<?xml version="1.0" encoding="UTF-8"?>
<!-- Generated by org.testng.reporters.JUnitReportReporter -->
<testsuite skipped="1" hostname="DESKTOP-J2EROR9" name="crmtest.ContactPageTest" tests="2" failures="0" timestamp="2022-11-16T01:12:31 IST" time="30.202" errors="0">
  <testcase name="validateDemoTest" time="30.202" classname="crmtest.ContactPageTest"/>
  <system-out/>
  <testcase name="validateCreateContactTest" time="0.000" classname="crmtest.ContactPageTest">
    <skipped/>
  </testcase> <!-- validateCreateContactTest -->
  <system-out/>
</testsuite> <!-- crmtest.ContactPageTest -->
